<?xml version="1.0" encoding="UTF-8"?>
<testsuite name="HelloWorldPresenterTest" tests="1" skipped="0" failures="0" errors="0" timestamp="2014-07-17T12:02:45" hostname="rob-imac.starfinanz.de" time="0.087">
  <properties/>
  <testcase name="shouldReadInputTextAndDisplayTextOnSubmitButtonCall" classname="HelloWorldPresenterTest" time="0.087"/>
  <system-out><![CDATA[]]></system-out>
  <system-err><![CDATA[]]></system-err>
</testsuite>
